# JRE version: OpenJDK Runtime Environment (11.0.8+10) (build 11.0.8+10-b944.6842174)
# Java VM: OpenJDK 64-Bit Server VM (11.0.8+10-b944.6842174, mixed mode, tiered, compressed oops, g1 gc, windows-amd64)
Heap:
 garbage-first heap   total 731136K, used 99148K [0x00000000a0000000, 0x0000000100000000)
  region size 1024K, 4 young (4096K), 4 survivors (4096K)
 Metaspace       used 98057K, capacity 100589K, committed 100940K, reserved 1136640K
  class space    used 12649K, capacity 13578K, committed 13696K, reserved 1048576K
GC Heap History (20 events):
Event: 56.237 GC heap after
{Heap after GC invocations=59 (full 0):
 garbage-first heap   total 243712K, used 108915K [0x00000000a0000000, 0x0000000100000000)
  region size 1024K, 3 young (3072K), 3 survivors (3072K)
 Metaspace       used 96605K, capacity 99085K, committed 99404K, reserved 1134592K
  class space    used 12625K, capacity 13543K, committed 13696K, reserved 1048576K
}
Event: 56.251 GC heap before
{Heap before GC invocations=59 (full 0):
 garbage-first heap   total 243712K, used 117107K [0x00000000a0000000, 0x0000000100000000)
  region size 1024K, 11 young (11264K), 3 survivors (3072K)
 Metaspace       used 96605K, capacity 99085K, committed 99404K, reserved 1134592K
  class space    used 12625K, capacity 13543K, committed 13696K, reserved 1048576K
}
Event: 56.254 GC heap after
{Heap after GC invocations=60 (full 0):
 garbage-first heap   total 243712K, used 93027K [0x00000000a0000000, 0x0000000100000000)
  region size 1024K, 2 young (2048K), 2 survivors (2048K)
 Metaspace       used 96605K, capacity 99085K, committed 99404K, reserved 1134592K
  class space    used 12625K, capacity 13543K, committed 13696K, reserved 1048576K
}
Event: 56.495 GC heap before
{Heap before GC invocations=60 (full 0):
 garbage-first heap   total 243712K, used 168803K [0x00000000a0000000, 0x0000000100000000)
  region size 1024K, 76 young (77824K), 2 survivors (2048K)
 Metaspace       used 96857K, capacity 99424K, committed 99660K, reserved 1134592K
  class space    used 12628K, capacity 13548K, committed 13696K, reserved 1048576K
}
Event: 56.499 GC heap after
{Heap after GC invocations=61 (full 0):
 garbage-first heap   total 243712K, used 94536K [0x00000000a0000000, 0x0000000100000000)
  region size 1024K, 3 young (3072K), 3 survivors (3072K)
 Metaspace       used 96857K, capacity 99424K, committed 99660K, reserved 1134592K
  class space    used 12628K, capacity 13548K, committed 13696K, reserved 1048576K
}
Event: 56.684 GC heap before
{Heap before GC invocations=61 (full 0):
 garbage-first heap   total 243712K, used 178504K [0x00000000a0000000, 0x0000000100000000)
  region size 1024K, 85 young (87040K), 3 survivors (3072K)
 Metaspace       used 96868K, capacity 99427K, committed 99660K, reserved 1134592K
  class space    used 12630K, capacity 13549K, committed 13696K, reserved 1048576K
}
Event: 56.688 GC heap after
{Heap after GC invocations=62 (full 0):
 garbage-first heap   total 243712K, used 95906K [0x00000000a0000000, 0x0000000100000000)
  region size 1024K, 4 young (4096K), 4 survivors (4096K)
 Metaspace       used 96868K, capacity 99427K, committed 99660K, reserved 1134592K
  class space    used 12630K, capacity 13549K, committed 13696K, reserved 1048576K
}
Event: 56.900 GC heap before
{Heap before GC invocations=62 (full 0):
 garbage-first heap   total 243712K, used 181922K [0x00000000a0000000, 0x0000000100000000)
  region size 1024K, 88 young (90112K), 4 survivors (4096K)
 Metaspace       used 97131K, capacity 99667K, committed 99916K, reserved 1136640K
  class space    used 12639K, capacity 13563K, committed 13696K, reserved 1048576K
}
Event: 56.904 GC heap after
{Heap after GC invocations=63 (full 0):
 garbage-first heap   total 243712K, used 96423K [0x00000000a0000000, 0x0000000100000000)
  region size 1024K, 5 young (5120K), 5 survivors (5120K)
 Metaspace       used 97131K, capacity 99667K, committed 99916K, reserved 1136640K
  class space    used 12639K, capacity 13563K, committed 13696K, reserved 1048576K
}
Event: 57.070 GC heap before
{Heap before GC invocations=63 (full 0):
 garbage-first heap   total 243712K, used 184487K [0x00000000a0000000, 0x0000000100000000)
  region size 1024K, 91 young (93184K), 5 survivors (5120K)
 Metaspace       used 97273K, capacity 99800K, committed 100172K, reserved 1136640K
  class space    used 12640K, capacity 13564K, committed 13696K, reserved 1048576K
}
Event: 57.075 GC heap after
{Heap after GC invocations=64 (full 0):
 garbage-first heap   total 243712K, used 97049K [0x00000000a0000000, 0x0000000100000000)
  region size 1024K, 6 young (6144K), 6 survivors (6144K)
 Metaspace       used 97273K, capacity 99800K, committed 100172K, reserved 1136640K
  class space    used 12640K, capacity 13564K, committed 13696K, reserved 1048576K
}
Event: 57.238 GC heap before
{Heap before GC invocations=64 (full 0):
 garbage-first heap   total 243712K, used 191257K [0x00000000a0000000, 0x0000000100000000)
  region size 1024K, 99 young (101376K), 6 survivors (6144K)
 Metaspace       used 97412K, capacity 99933K, committed 100172K, reserved 1136640K
  class space    used 12640K, capacity 13564K, committed 13696K, reserved 1048576K
}
Event: 57.244 GC heap after
{Heap after GC invocations=65 (full 0):
 garbage-first heap   total 243712K, used 98208K [0x00000000a0000000, 0x0000000100000000)
  region size 1024K, 7 young (7168K), 7 survivors (7168K)
 Metaspace       used 97412K, capacity 99933K, committed 100172K, reserved 1136640K
  class space    used 12640K, capacity 13564K, committed 13696K, reserved 1048576K
}
Event: 57.386 GC heap before
{Heap before GC invocations=65 (full 0):
 garbage-first heap   total 243712K, used 199584K [0x00000000a0000000, 0x0000000100000000)
  region size 1024K, 106 young (108544K), 7 survivors (7168K)
 Metaspace       used 97596K, capacity 100132K, committed 100428K, reserved 1136640K
  class space    used 12641K, capacity 13566K, committed 13696K, reserved 1048576K
}
Event: 57.414 GC heap after
{Heap after GC invocations=66 (full 0):
 garbage-first heap   total 243712K, used 101471K [0x00000000a0000000, 0x0000000100000000)
  region size 1024K, 10 young (10240K), 10 survivors (10240K)
 Metaspace       used 97596K, capacity 100132K, committed 100428K, reserved 1136640K
  class space    used 12641K, capacity 13566K, committed 13696K, reserved 1048576K
}
Event: 57.563 GC heap before
{Heap before GC invocations=66 (full 0):
 garbage-first heap   total 243712K, used 198751K [0x00000000a0000000, 0x0000000100000000)
  region size 1024K, 106 young (108544K), 10 survivors (10240K)
 Metaspace       used 97746K, capacity 100286K, committed 100428K, reserved 1136640K
  class space    used 12646K, capacity 13573K, committed 13696K, reserved 1048576K
}
Event: 57.577 GC heap after
{Heap after GC invocations=67 (full 0):
 garbage-first heap   total 243712K, used 103130K [0x00000000a0000000, 0x0000000100000000)
  region size 1024K, 9 young (9216K), 9 survivors (9216K)
 Metaspace       used 97746K, capacity 100286K, committed 100428K, reserved 1136640K
  class space    used 12646K, capacity 13573K, committed 13696K, reserved 1048576K
}
Event: 58.072 GC heap before
{Heap before GC invocations=67 (full 0):
 garbage-first heap   total 243712K, used 202458K [0x00000000a0000000, 0x0000000100000000)
  region size 1024K, 106 young (108544K), 9 survivors (9216K)
 Metaspace       used 97964K, capacity 100504K, committed 100684K, reserved 1136640K
  class space    used 12647K, capacity 13576K, committed 13696K, reserved 1048576K
}
Event: 58.422 GC heap after
{Heap after GC invocations=68 (full 0):
 garbage-first heap   total 243712K, used 100330K [0x00000000a0000000, 0x0000000100000000)
  region size 1024K, 5 young (5120K), 5 survivors (5120K)
 Metaspace       used 97964K, capacity 100504K, committed 100684K, reserved 1136640K
  class space    used 12647K, capacity 13576K, committed 13696K, reserved 1048576K
}
Event: 58.820 GC heap before
{Heap before GC invocations=68 (full 0):
 garbage-first heap   total 243712K, used 203754K [0x00000000a0000000, 0x0000000100000000)
  region size 1024K, 107 young (109568K), 5 survivors (5120K)
 Metaspace       used 98057K, capacity 100589K, committed 100940K, reserved 1136640K
  class space    used 12649K, capacity 13578K, committed 13696K, reserved 1048576K
}

