# JRE version: OpenJDK Runtime Environment (11.0.8+10) (build 11.0.8+10-b944.6842174)
# Java VM: OpenJDK 64-Bit Server VM (11.0.8+10-b944.6842174, mixed mode, tiered, compressed oops, g1 gc, windows-amd64)
Heap:
 garbage-first heap   total 129024K, used 83482K [0x00000000a0000000, 0x0000000100000000)
  region size 1024K, 32 young (32768K), 5 survivors (5120K)
 Metaspace       used 80590K, capacity 82506K, committed 82688K, reserved 1120256K
  class space    used 10485K, capacity 11159K, committed 11264K, reserved 1048576K
GC Heap History (20 events):
Event: 17.211 GC heap before
{Heap before GC invocations=7 (full 0):
 garbage-first heap   total 129024K, used 81511K [0x00000000a0000000, 0x0000000100000000)
  region size 1024K, 62 young (63488K), 6 survivors (6144K)
 Metaspace       used 40693K, capacity 41612K, committed 41856K, reserved 1085440K
  class space    used 5198K, capacity 5502K, committed 5504K, reserved 1048576K
}
Event: 17.217 GC heap after
{Heap after GC invocations=8 (full 0):
 garbage-first heap   total 129024K, used 24539K [0x00000000a0000000, 0x0000000100000000)
  region size 1024K, 7 young (7168K), 7 survivors (7168K)
 Metaspace       used 40693K, capacity 41612K, committed 41856K, reserved 1085440K
  class space    used 5198K, capacity 5502K, committed 5504K, reserved 1048576K
}
Event: 20.369 GC heap before
{Heap before GC invocations=8 (full 0):
 garbage-first heap   total 129024K, used 82907K [0x00000000a0000000, 0x0000000100000000)
  region size 1024K, 64 young (65536K), 7 survivors (7168K)
 Metaspace       used 44283K, capacity 45341K, committed 45568K, reserved 1089536K
  class space    used 5676K, capacity 6046K, committed 6144K, reserved 1048576K
}
Event: 20.375 GC heap after
{Heap after GC invocations=9 (full 0):
 garbage-first heap   total 129024K, used 27423K [0x00000000a0000000, 0x0000000100000000)
  region size 1024K, 7 young (7168K), 7 survivors (7168K)
 Metaspace       used 44283K, capacity 45341K, committed 45568K, reserved 1089536K
  class space    used 5676K, capacity 6046K, committed 6144K, reserved 1048576K
}
Event: 29.598 GC heap before
{Heap before GC invocations=9 (full 0):
 garbage-first heap   total 129024K, used 88863K [0x00000000a0000000, 0x0000000100000000)
  region size 1024K, 65 young (66560K), 7 survivors (7168K)
 Metaspace       used 50086K, capacity 51370K, committed 51712K, reserved 1093632K
  class space    used 6370K, capacity 6785K, committed 6912K, reserved 1048576K
}
Event: 29.610 GC heap after
{Heap after GC invocations=10 (full 0):
 garbage-first heap   total 129024K, used 37069K [0x00000000a0000000, 0x0000000100000000)
  region size 1024K, 9 young (9216K), 9 survivors (9216K)
 Metaspace       used 50086K, capacity 51370K, committed 51712K, reserved 1093632K
  class space    used 6370K, capacity 6785K, committed 6912K, reserved 1048576K
}
Event: 35.136 GC heap before
{Heap before GC invocations=10 (full 0):
 garbage-first heap   total 129024K, used 92365K [0x00000000a0000000, 0x0000000100000000)
  region size 1024K, 63 young (64512K), 9 survivors (9216K)
 Metaspace       used 57272K, capacity 58623K, committed 58752K, reserved 1099776K
  class space    used 7292K, capacity 7759K, committed 7808K, reserved 1048576K
}
Event: 35.143 GC heap after
{Heap after GC invocations=11 (full 0):
 garbage-first heap   total 129024K, used 41754K [0x00000000a0000000, 0x0000000100000000)
  region size 1024K, 5 young (5120K), 5 survivors (5120K)
 Metaspace       used 57272K, capacity 58623K, committed 58752K, reserved 1099776K
  class space    used 7292K, capacity 7759K, committed 7808K, reserved 1048576K
}
Event: 35.859 GC heap before
{Heap before GC invocations=11 (full 0):
 garbage-first heap   total 129024K, used 56090K [0x00000000a0000000, 0x0000000100000000)
  region size 1024K, 20 young (20480K), 5 survivors (5120K)
 Metaspace       used 58726K, capacity 60126K, committed 60160K, reserved 1101824K
  class space    used 7433K, capacity 7934K, committed 7936K, reserved 1048576K
}
Event: 35.862 GC heap after
{Heap after GC invocations=12 (full 0):
 garbage-first heap   total 129024K, used 43115K [0x00000000a0000000, 0x0000000100000000)
  region size 1024K, 6 young (6144K), 6 survivors (6144K)
 Metaspace       used 58726K, capacity 60126K, committed 60160K, reserved 1101824K
  class space    used 7433K, capacity 7934K, committed 7936K, reserved 1048576K
}
Event: 37.715 GC heap before
{Heap before GC invocations=13 (full 0):
 garbage-first heap   total 129024K, used 97387K [0x00000000a0000000, 0x0000000100000000)
  region size 1024K, 59 young (60416K), 6 survivors (6144K)
 Metaspace       used 62462K, capacity 63876K, committed 64128K, reserved 1105920K
  class space    used 8044K, capacity 8542K, committed 8576K, reserved 1048576K
}
Event: 37.721 GC heap after
{Heap after GC invocations=14 (full 0):
 garbage-first heap   total 129024K, used 46809K [0x00000000a0000000, 0x0000000100000000)
  region size 1024K, 6 young (6144K), 6 survivors (6144K)
 Metaspace       used 62462K, capacity 63876K, committed 64128K, reserved 1105920K
  class space    used 8044K, capacity 8542K, committed 8576K, reserved 1048576K
}
Event: 40.613 GC heap before
{Heap before GC invocations=14 (full 0):
 garbage-first heap   total 129024K, used 99033K [0x00000000a0000000, 0x0000000100000000)
  region size 1024K, 57 young (58368K), 6 survivors (6144K)
 Metaspace       used 67437K, capacity 69044K, committed 69376K, reserved 1110016K
  class space    used 8822K, capacity 9373K, committed 9472K, reserved 1048576K
}
Event: 40.618 GC heap after
{Heap after GC invocations=15 (full 0):
 garbage-first heap   total 129024K, used 50450K [0x00000000a0000000, 0x0000000100000000)
  region size 1024K, 4 young (4096K), 4 survivors (4096K)
 Metaspace       used 67437K, capacity 69044K, committed 69376K, reserved 1110016K
  class space    used 8822K, capacity 9373K, committed 9472K, reserved 1048576K
}
Event: 45.448 GC heap before
{Heap before GC invocations=15 (full 0):
 garbage-first heap   total 129024K, used 100626K [0x00000000a0000000, 0x0000000100000000)
  region size 1024K, 53 young (54272K), 4 survivors (4096K)
 Metaspace       used 73919K, capacity 75688K, committed 75904K, reserved 1114112K
  class space    used 9664K, capacity 10282K, committed 10368K, reserved 1048576K
}
Event: 45.456 GC heap after
{Heap after GC invocations=16 (full 0):
 garbage-first heap   total 129024K, used 53193K [0x00000000a0000000, 0x0000000100000000)
  region size 1024K, 7 young (7168K), 7 survivors (7168K)
 Metaspace       used 73919K, capacity 75688K, committed 75904K, reserved 1114112K
  class space    used 9664K, capacity 10282K, committed 10368K, reserved 1048576K
}
Event: 51.582 GC heap before
{Heap before GC invocations=16 (full 0):
 garbage-first heap   total 129024K, used 101321K [0x00000000a0000000, 0x0000000100000000)
  region size 1024K, 55 young (56320K), 7 survivors (7168K)
 Metaspace       used 75419K, capacity 77216K, committed 77312K, reserved 1116160K
  class space    used 9841K, capacity 10482K, committed 10496K, reserved 1048576K
}
Event: 51.591 GC heap after
{Heap after GC invocations=17 (full 0):
 garbage-first heap   total 129024K, used 56759K [0x00000000a0000000, 0x0000000100000000)
  region size 1024K, 7 young (7168K), 7 survivors (7168K)
 Metaspace       used 75419K, capacity 77216K, committed 77312K, reserved 1116160K
  class space    used 9841K, capacity 10482K, committed 10496K, reserved 1048576K
}
Event: 55.936 GC heap before
{Heap before GC invocations=17 (full 0):
 garbage-first heap   total 129024K, used 102839K [0x00000000a0000000, 0x0000000100000000)
  region size 1024K, 53 young (54272K), 7 survivors (7168K)
 Metaspace       used 78849K, capacity 80826K, committed 81152K, reserved 1120256K
  class space    used 10272K, capacity 10923K, committed 11008K, reserved 1048576K
}
Event: 55.940 GC heap after
{Heap after GC invocations=18 (full 0):
 garbage-first heap   total 129024K, used 57882K [0x00000000a0000000, 0x0000000100000000)
  region size 1024K, 5 young (5120K), 5 survivors (5120K)
 Metaspace       used 78849K, capacity 80826K, committed 81152K, reserved 1120256K
  class space    used 10272K, capacity 10923K, committed 11008K, reserved 1048576K
}

